<?xml version="1.0" encoding="UTF-8"?>
<coverage generated="1712064545357" clover="3.2.0">
  <project timestamp="1712064545357" name="All files">
    <metrics statements="34" coveredstatements="34" conditionals="14" coveredconditionals="14" methods="8" coveredmethods="8" elements="56" coveredelements="56" complexity="0" loc="34" ncloc="34" packages="1" files="1" classes="1"/>
    <file name="exam.js" path="C:\Users\acer\Downloads\coding_template\template\javascript\exam.js">
      <metrics statements="34" coveredstatements="34" conditionals="14" coveredconditionals="14" methods="8" coveredmethods="8"/>
      <line num="2" count="1" type="stmt"/>
      <line num="4" count="2" type="stmt"/>
      <line num="6" count="7" type="cond" truecount="2" falsecount="0"/>
      <line num="8" count="2" type="stmt"/>
      <line num="10" count="2" type="stmt"/>
      <line num="14" count="1" type="stmt"/>
      <line num="16" count="3" type="stmt"/>
      <line num="17" count="3" type="stmt"/>
      <line num="18" count="7" type="cond" truecount="2" falsecount="0"/>
      <line num="19" count="2" type="stmt"/>
      <line num="22" count="1" type="stmt"/>
      <line num="26" count="3" type="stmt"/>
      <line num="27" count="2" type="stmt"/>
      <line num="28" count="2" type="stmt"/>
      <line num="29" count="6" type="cond" truecount="2" falsecount="0"/>
      <line num="30" count="3" type="stmt"/>
      <line num="33" count="2" type="stmt"/>
      <line num="37" count="3" type="cond" truecount="2" falsecount="0"/>
      <line num="38" count="1" type="stmt"/>
      <line num="42" count="2" type="cond" truecount="2" falsecount="0"/>
      <line num="43" count="1" type="stmt"/>
      <line num="47" count="1" type="stmt"/>
      <line num="55" count="1" type="stmt"/>
      <line num="57" count="2" type="stmt"/>
      <line num="59" count="2" type="stmt"/>
      <line num="61" count="8" type="stmt"/>
      <line num="63" count="2" type="stmt"/>
      <line num="64" count="2" type="stmt"/>
      <line num="66" count="2" type="stmt"/>
      <line num="67" count="40" type="stmt"/>
      <line num="68" count="40" type="stmt"/>
      <line num="70" count="40" type="cond" truecount="4" falsecount="0"/>
      <line num="71" count="14" type="stmt"/>
      <line num="76" count="8" type="stmt"/>
    </file>
  </project>
</coverage>
