{"C:\\Users\\acer\\Downloads\\coding_template\\template\\javascript\\exam.js": {"path":"C:\\Users\\acer\\Downloads\\coding_template\\template\\javascript\\exam.js","statementMap":{"0":{"start":{"line":2,"column":0},"end":{"line":11,"column":2}},"1":{"start":{"line":4,"column":15},"end":{"line":4,"column":32}},"2":{"start":{"line":6,"column":23},"end":{"line":6,"column":84}},"3":{"start":{"line":6,"column":51},"end":{"line":6,"column":74}},"4":{"start":{"line":8,"column":15},"end":{"line":8,"column":42}},"5":{"start":{"line":10,"column":2},"end":{"line":10,"column":16}},"6":{"start":{"line":14,"column":0},"end":{"line":48,"column":2}},"7":{"start":{"line":16,"column":23},"end":{"line":23,"column":1}},"8":{"start":{"line":17,"column":4},"end":{"line":21,"column":5}},"9":{"start":{"line":17,"column":17},"end":{"line":17,"column":18}},"10":{"start":{"line":18,"column":8},"end":{"line":20,"column":9}},"11":{"start":{"line":19,"column":12},"end":{"line":19,"column":25}},"12":{"start":{"line":22,"column":4},"end":{"line":22,"column":16}},"13":{"start":{"line":26,"column":33},"end":{"line":34,"column":1}},"14":{"start":{"line":27,"column":24},"end":{"line":27,"column":25}},"15":{"start":{"line":28,"column":4},"end":{"line":32,"column":5}},"16":{"start":{"line":28,"column":17},"end":{"line":28,"column":18}},"17":{"start":{"line":29,"column":8},"end":{"line":31,"column":9}},"18":{"start":{"line":30,"column":12},"end":{"line":30,"column":28}},"19":{"start":{"line":33,"column":4},"end":{"line":33,"column":25}},"20":{"start":{"line":37,"column":0},"end":{"line":39,"column":1}},"21":{"start":{"line":38,"column":4},"end":{"line":38,"column":39}},"22":{"start":{"line":42,"column":0},"end":{"line":44,"column":1}},"23":{"start":{"line":43,"column":4},"end":{"line":43,"column":65}},"24":{"start":{"line":47,"column":0},"end":{"line":47,"column":35}},"25":{"start":{"line":55,"column":0},"end":{"line":77,"column":2}},"26":{"start":{"line":57,"column":23},"end":{"line":57,"column":39}},"27":{"start":{"line":59,"column":18},"end":{"line":59,"column":32}},"28":{"start":{"line":61,"column":17},"end":{"line":61,"column":84}},"29":{"start":{"line":61,"column":55},"end":{"line":61,"column":83}},"30":{"start":{"line":63,"column":12},"end":{"line":63,"column":13}},"31":{"start":{"line":64,"column":18},"end":{"line":64,"column":19}},"32":{"start":{"line":66,"column":2},"end":{"line":73,"column":3}},"33":{"start":{"line":66,"column":15},"end":{"line":66,"column":16}},"34":{"start":{"line":67,"column":4},"end":{"line":67,"column":29}},"35":{"start":{"line":68,"column":4},"end":{"line":68,"column":21}},"36":{"start":{"line":70,"column":4},"end":{"line":72,"column":5}},"37":{"start":{"line":71,"column":6},"end":{"line":71,"column":22}},"38":{"start":{"line":76,"column":2},"end":{"line":76,"column":41}},"39":{"start":{"line":76,"column":27},"end":{"line":76,"column":39}}},"fnMap":{"0":{"name":"(anonymous_0)","decl":{"start":{"line":2,"column":18},"end":{"line":2,"column":19}},"loc":{"start":{"line":2,"column":29},"end":{"line":11,"column":1}},"line":2},"1":{"name":"(anonymous_1)","decl":{"start":{"line":6,"column":44},"end":{"line":6,"column":45}},"loc":{"start":{"line":6,"column":51},"end":{"line":6,"column":74}},"line":6},"2":{"name":"(anonymous_2)","decl":{"start":{"line":14,"column":21},"end":{"line":14,"column":22}},"loc":{"start":{"line":14,"column":32},"end":{"line":48,"column":1}},"line":14},"3":{"name":"(anonymous_3)","decl":{"start":{"line":16,"column":23},"end":{"line":16,"column":24}},"loc":{"start":{"line":16,"column":32},"end":{"line":23,"column":1}},"line":16},"4":{"name":"(anonymous_4)","decl":{"start":{"line":26,"column":33},"end":{"line":26,"column":34}},"loc":{"start":{"line":26,"column":42},"end":{"line":34,"column":1}},"line":26},"5":{"name":"(anonymous_5)","decl":{"start":{"line":55,"column":17},"end":{"line":55,"column":18}},"loc":{"start":{"line":55,"column":28},"end":{"line":77,"column":1}},"line":55},"6":{"name":"(anonymous_6)","decl":{"start":{"line":61,"column":49},"end":{"line":61,"column":50}},"loc":{"start":{"line":61,"column":55},"end":{"line":61,"column":83}},"line":61},"7":{"name":"(anonymous_7)","decl":{"start":{"line":76,"column":20},"end":{"line":76,"column":21}},"loc":{"start":{"line":76,"column":27},"end":{"line":76,"column":39}},"line":76}},"branchMap":{"0":{"loc":{"start":{"line":6,"column":51},"end":{"line":6,"column":74}},"type":"cond-expr","locations":[{"start":{"line":6,"column":65},"end":{"line":6,"column":68}},{"start":{"line":6,"column":71},"end":{"line":6,"column":74}}],"line":6},"1":{"loc":{"start":{"line":18,"column":8},"end":{"line":20,"column":9}},"type":"if","locations":[{"start":{"line":18,"column":8},"end":{"line":20,"column":9}},{"start":{},"end":{}}],"line":18},"2":{"loc":{"start":{"line":29,"column":8},"end":{"line":31,"column":9}},"type":"if","locations":[{"start":{"line":29,"column":8},"end":{"line":31,"column":9}},{"start":{},"end":{}}],"line":29},"3":{"loc":{"start":{"line":37,"column":0},"end":{"line":39,"column":1}},"type":"if","locations":[{"start":{"line":37,"column":0},"end":{"line":39,"column":1}},{"start":{},"end":{}}],"line":37},"4":{"loc":{"start":{"line":42,"column":0},"end":{"line":44,"column":1}},"type":"if","locations":[{"start":{"line":42,"column":0},"end":{"line":44,"column":1}},{"start":{},"end":{}}],"line":42},"5":{"loc":{"start":{"line":70,"column":4},"end":{"line":72,"column":5}},"type":"if","locations":[{"start":{"line":70,"column":4},"end":{"line":72,"column":5}},{"start":{},"end":{}}],"line":70},"6":{"loc":{"start":{"line":70,"column":8},"end":{"line":70,"column":40}},"type":"binary-expr","locations":[{"start":{"line":70,"column":8},"end":{"line":70,"column":17}},{"start":{"line":70,"column":21},"end":{"line":70,"column":40}}],"line":70}},"s":{"0":1,"1":2,"2":2,"3":7,"4":2,"5":2,"6":1,"7":3,"8":3,"9":3,"10":7,"11":2,"12":1,"13":3,"14":2,"15":2,"16":2,"17":6,"18":3,"19":2,"20":3,"21":1,"22":2,"23":1,"24":1,"25":1,"26":2,"27":2,"28":2,"29":8,"30":2,"31":2,"32":2,"33":2,"34":40,"35":40,"36":40,"37":14,"38":2,"39":8},"f":{"0":2,"1":7,"2":3,"3":3,"4":2,"5":2,"6":8,"7":8},"b":{"0":[3,4],"1":[2,5],"2":[3,3],"3":[1,2],"4":[1,1],"5":[14,26],"6":[40,33]},"_coverageSchema":"1a1c01bbd47fc00a2c39e90264f33305004495a9","hash":"95a8f8782788238bb65f19517070659f73aabb8f"}
}
