TN:
SF:exam.js
FN:2,(anonymous_0)
FN:6,(anonymous_1)
FN:14,(anonymous_2)
FN:16,(anonymous_3)
FN:26,(anonymous_4)
FN:55,(anonymous_5)
FN:61,(anonymous_6)
FN:76,(anonymous_7)
FNF:8
FNH:8
FNDA:2,(anonymous_0)
FNDA:7,(anonymous_1)
FNDA:3,(anonymous_2)
FNDA:3,(anonymous_3)
FNDA:2,(anonymous_4)
FNDA:2,(anonymous_5)
FNDA:8,(anonymous_6)
FNDA:8,(anonymous_7)
DA:2,1
DA:4,2
DA:6,7
DA:8,2
DA:10,2
DA:14,1
DA:16,3
DA:17,3
DA:18,7
DA:19,2
DA:22,1
DA:26,3
DA:27,2
DA:28,2
DA:29,6
DA:30,3
DA:33,2
DA:37,3
DA:38,1
DA:42,2
DA:43,1
DA:47,1
DA:55,1
DA:57,2
DA:59,2
DA:61,8
DA:63,2
DA:64,2
DA:66,2
DA:67,40
DA:68,40
DA:70,40
DA:71,14
DA:76,8
LF:34
LH:34
BRDA:6,0,0,3
BRDA:6,0,1,4
BRDA:18,1,0,2
BRDA:18,1,1,5
BRDA:29,2,0,3
BRDA:29,2,1,3
BRDA:37,3,0,1
BRDA:37,3,1,2
BRDA:42,4,0,1
BRDA:42,4,1,1
BRDA:70,5,0,14
BRDA:70,5,1,26
BRDA:70,6,0,40
BRDA:70,6,1,33
BRF:14
BRH:14
end_of_record
